<?xml version="1.0" encoding="UTF-8" ?>
<testsuite tests="1" failures="0" name="com.accenture.sandeep.dodda.paymentProcessingSystem.AppTest" time="0" errors="0" skipped="0">
  <properties>
    <property name="java.runtime.name" value="OpenJDK Runtime Environment"/>
    <property name="sun.boot.library.path" value="C:\Users\sandeep.dodda\Downloads\openlogic-openjdk-8u412-b08-windows-x64\openlogic-openjdk-8u412-b08-windows-64\jre\bin"/>
    <property name="java.vm.version" value="25.412-b08"/>
    <property name="java.vm.vendor" value="OpenLogic-OpenJDK"/>
    <property name="maven.multiModuleProjectDirectory" value="C:\Users\sandeep.dodda\Desktop\Sandydocs\paymentProcessingSystem"/>
    <property name="java.vendor.url" value="http://java.oracle.com/"/>
    <property name="path.separator" value=";"/>
    <property name="guice.disable.misplaced.annotation.check" value="true"/>
    <property name="java.vm.name" value="OpenJDK 64-Bit Server VM"/>
    <property name="file.encoding.pkg" value="sun.io"/>
    <property name="user.script" value=""/>
    <property name="user.country" value="US"/>
    <property name="sun.java.launcher" value="SUN_STANDARD"/>
    <property name="sun.os.patch.level" value=""/>
    <property name="java.vm.specification.name" value="Java Virtual Machine Specification"/>
    <property name="user.dir" value="C:\Users\sandeep.dodda\Desktop\Sandydocs\paymentProcessingSystem"/>
    <property name="java.runtime.version" value="1.8.0_412-412-b08"/>
    <property name="java.awt.graphicsenv" value="sun.awt.Win32GraphicsEnvironment"/>
    <property name="java.endorsed.dirs" value="C:\Users\sandeep.dodda\Downloads\openlogic-openjdk-8u412-b08-windows-x64\openlogic-openjdk-8u412-b08-windows-64\jre\lib\endorsed"/>
    <property name="os.arch" value="amd64"/>
    <property name="java.io.tmpdir" value="C:\Users\SANDEE~1.DOD\AppData\Local\Temp\"/>
    <property name="line.separator" value="
"/>
    <property name="java.vm.specification.vendor" value="Oracle Corporation"/>
    <property name="user.variant" value=""/>
    <property name="os.name" value="Windows 11"/>
    <property name="classworlds.conf" value="C:\Users\sandeep.dodda\Downloads\apache-maven-3.8.6-bin\apache-maven-3.8.6\bin\m2.conf"/>
    <property name="sun.jnu.encoding" value="Cp1252"/>
    <property name="java.library.path" value="C:\Users\sandeep.dodda\Downloads\openlogic-openjdk-8u412-b08-windows-x64\openlogic-openjdk-8u412-b08-windows-64\bin;C:\windows\Sun\Java\bin;C:\windows\system32;C:\windows;C:\windows\system32;C:\windows;C:\windows\System32\Wbem;C:\windows\System32\WindowsPowerShell\v1.0\;C:\windows\System32\OpenSSH\;C:\Users\sandeep.dodda\Downloads\openlogic-openjdk-8u412-b08-windows-x64\openlogic-openjdk-8u412-b08-windows-64\bin;C:\Users\sandeep.dodda\AppData\Local\Microsoft\WindowsApps;C:\Users\sandeep.dodda\Downloads\apache-maven-3.8.6-bin\apache-maven-3.8.6\bin;C:\Users\sandeep.dodda\AppData\Local\Programs\Git\cmd;."/>
    <property name="maven.conf" value="C:\Users\sandeep.dodda\Downloads\apache-maven-3.8.6-bin\apache-maven-3.8.6/conf"/>
    <property name="java.specification.name" value="Java Platform API Specification"/>
    <property name="java.class.version" value="52.0"/>
    <property name="sun.management.compiler" value="HotSpot 64-Bit Tiered Compilers"/>
    <property name="os.version" value="10.0"/>
    <property name="library.jansi.path" value="C:\Users\sandeep.dodda\Downloads\apache-maven-3.8.6-bin\apache-maven-3.8.6\lib\jansi-native"/>
    <property name="user.home" value="C:\Users\sandeep.dodda"/>
    <property name="user.timezone" value="Asia/Calcutta"/>
    <property name="java.awt.printerjob" value="sun.awt.windows.WPrinterJob"/>
    <property name="java.specification.version" value="1.8"/>
    <property name="file.encoding" value="Cp1252"/>
    <property name="user.name" value="sandeep.dodda"/>
    <property name="java.class.path" value="C:\Users\sandeep.dodda\Downloads\apache-maven-3.8.6-bin\apache-maven-3.8.6\boot\plexus-classworlds-2.6.0.jar"/>
    <property name="java.vm.specification.version" value="1.8"/>
    <property name="sun.arch.data.model" value="64"/>
    <property name="java.home" value="C:\Users\sandeep.dodda\Downloads\openlogic-openjdk-8u412-b08-windows-x64\openlogic-openjdk-8u412-b08-windows-64\jre"/>
    <property name="sun.java.command" value="org.codehaus.plexus.classworlds.launcher.Launcher package"/>
    <property name="java.specification.vendor" value="Oracle Corporation"/>
    <property name="user.language" value="en"/>
    <property name="awt.toolkit" value="sun.awt.windows.WToolkit"/>
    <property name="java.vm.info" value="mixed mode"/>
    <property name="java.version" value="1.8.0_412-412"/>
    <property name="java.ext.dirs" value="C:\Users\sandeep.dodda\Downloads\openlogic-openjdk-8u412-b08-windows-x64\openlogic-openjdk-8u412-b08-windows-64\jre\lib\ext;C:\windows\Sun\Java\lib\ext"/>
    <property name="sun.boot.class.path" value="C:\Users\sandeep.dodda\Downloads\openlogic-openjdk-8u412-b08-windows-x64\openlogic-openjdk-8u412-b08-windows-64\jre\lib\resources.jar;C:\Users\sandeep.dodda\Downloads\openlogic-openjdk-8u412-b08-windows-x64\openlogic-openjdk-8u412-b08-windows-64\jre\lib\rt.jar;C:\Users\sandeep.dodda\Downloads\openlogic-openjdk-8u412-b08-windows-x64\openlogic-openjdk-8u412-b08-windows-64\jre\lib\sunrsasign.jar;C:\Users\sandeep.dodda\Downloads\openlogic-openjdk-8u412-b08-windows-x64\openlogic-openjdk-8u412-b08-windows-64\jre\lib\jsse.jar;C:\Users\sandeep.dodda\Downloads\openlogic-openjdk-8u412-b08-windows-x64\openlogic-openjdk-8u412-b08-windows-64\jre\lib\jce.jar;C:\Users\sandeep.dodda\Downloads\openlogic-openjdk-8u412-b08-windows-x64\openlogic-openjdk-8u412-b08-windows-64\jre\lib\charsets.jar;C:\Users\sandeep.dodda\Downloads\openlogic-openjdk-8u412-b08-windows-x64\openlogic-openjdk-8u412-b08-windows-64\jre\lib\jfr.jar;C:\Users\sandeep.dodda\Downloads\openlogic-openjdk-8u412-b08-windows-x64\openlogic-openjdk-8u412-b08-windows-64\jre\classes"/>
    <property name="sun.stderr.encoding" value="cp437"/>
    <property name="java.vendor" value="OpenLogic-OpenJDK"/>
    <property name="java.specification.maintenance.version" value="5"/>
    <property name="maven.home" value="C:\Users\sandeep.dodda\Downloads\apache-maven-3.8.6-bin\apache-maven-3.8.6"/>
    <property name="file.separator" value="\"/>
    <property name="java.vendor.url.bug" value="http://bugreport.sun.com/bugreport/"/>
    <property name="sun.cpu.endian" value="little"/>
    <property name="sun.io.unicode.encoding" value="UnicodeLittle"/>
    <property name="sun.stdout.encoding" value="cp437"/>
    <property name="sun.desktop" value="windows"/>
    <property name="sun.cpu.isalist" value="amd64"/>
  </properties>
  <testcase classname="com.accenture.sandeep.dodda.paymentProcessingSystem.AppTest" name="testApp" time="0"/>
</testsuite>